  回头弯航迹生成:
    W1(起点): (125.5E, 33.0N) 入弯点: (126.8E, 33.0N)
    圆心: (126.8E, 32.9N) 出弯点: (126.8E, 33.0N) W3: (125.5E, 33.0N)
    入向: 90度 出向: 270度 (拐角: 180度), 转弯率: 1.0度/s
    转弯半径: 13.2 km, 转弯时长: 180 s, 弧长: 41.4 km
    总航程: 281 km, 总时长: 1223 s
回头弯180°几何: 正东→左转180°半圆(1°/s, R=13.2km, 180s)→正西
  转弯段: t=522~702s, 约帧17~24 (共~6帧 @30s)
  参考帧数: 41

╔══════════════════════════════════════════════════════════════╗
║  回头弯180°MC N=10  IMM:CV+CT  Pi=[0.90 0.10; 0.10 0.90]  ║
║  gate_sigma R1=3.0 R2=3.0  dt=30s  n_frames~41              ║
╚══════════════════════════════════════════════════════════════╝

MC#1/10 s=1: R1=10.7km(-29%) a=60% NIS=5.4(92%) | R2=14.6km(-43%) a=48% NIS=6.2(95%) | CT R1=56% R2=53% | Fus=10.1km(FCI)
MC#5/10 s=5: R1=10.5km(-30%) a=48% NIS=10.7(90%) | R2=13.7km(-24%) a=65% NIS=7.8(88%) | CT R1=49% R2=79% | Fus=9.4km(CI)
MC#6/10 s=6: R1=19.1km(-134%) a=45% NIS=2.3(95%) | R2=11.1km(+8%) a=57% NIS=3.5(88%) | CT R1=25% R2=68% | Fus=12.1km(FCI) ***BAD***
MC#10/10 s=10: R1=8.0km(-2%) a=65% NIS=19.7(83%) | R2=13.2km(-18%) a=45% NIS=2.8(95%) | CT R1=69% R2=61% | Fus=5.7km(CI)

╔══════════════════════════════════════════════════════════════╗
║       回头弯180° 10次MC统计 (84s)                        ║
╠══════════════════════════════════════════════════════════════╣
║  ─── RMSE (km) ───                                          ║
║  指标                            均值     std      中位      最小      最大  ║
║  ─                              ─       ─       ─       ─       ─  ║
║  原始点迹 R1                     66.0     1.4    65.7    64.2    68.4  ║
║  原始点迹 R2                     65.0     1.3    64.7    63.3    67.1  ║
║  校准后 R1                       8.3     0.6     8.2     7.8     9.8  ║
║  校准后 R2                      10.3     0.9    10.1     8.9    12.0  ║
║  UKF R1                      11.0     3.2    10.4     8.0    19.1  ║
║  UKF R2(对齐)                  11.5     1.9    11.5     8.7    14.5  ║
║  融合 SCC                       8.7     2.1     8.6     5.8    13.3  ║
║  融合 BC                        8.7     2.1     8.6     5.7    13.3  ║
║  融合 CI                        8.4     2.1     8.6     5.0    12.2  ║
║  融合 FCI                       8.3     1.9     8.4     5.3    12.1  ║
║  融合最优                         8.2     2.1     8.3     5.0    12.1  ║
║                                                              ║
║  ─── 改善率 (%) ───                                        ║
║  指标                            均值     std      中位      最小      最大  ║
║  ─                              ─       ─       ─       ─       ─  ║
║  校准改善 R1                     87.4     1.0    87.6    84.7    88.2  ║
║  校准改善 R2                     84.1     1.6    84.4    81.3    86.5  ║
║  UKF改善 R1                   -31.7    38.7   -23.5  -133.8     5.7  ║
║  UKF改善 R2                   -21.8    17.4   -22.1   -44.2     8.2  ║
║  融合 vs R1                    24.5    10.4    27.8     5.9    37.3  ║
║  融合 vs R2                    26.9    23.2    27.5   -19.0    59.9  ║
║                                                              ║
║  ─── MTL + 断裂 ───                                         ║
║  指标                            均值     std      中位      最小      最大  ║
║  ─                              ─       ─       ─       ─       ─  ║
║  MTL R1                      40.0     0.0    40.0    40.0    40.0  ║
║  MTL R2                      39.9     0.3    40.0    39.0    40.0  ║
║  MTL 融合                      40.0     0.0    40.0    40.0    40.0  ║
║  断裂 R1                        0.0     0.0     0.0     0.0     0.0  ║
║  断裂 R2                        0.0     0.0     0.0     0.0     0.0  ║
║  断裂 融合                        0.0     0.0     0.0     0.0     0.0  ║
║                                                              ║
║  ─── IMM 模型概率 (%) ───                                   ║
║  指标                            均值     std      中位      最小      最大  ║
║  ─                              ─       ─       ─       ─       ─  ║
║  CT均值 R1                     26.4     2.8    26.2    23.0    31.8  ║
║  CT均值 R2                     27.9     3.3    28.1    23.4    32.5  ║
║  CT转弯 R1                     58.3    13.6    60.1    24.6    69.3  ║
║  CT转弯 R2                     66.0    11.9    66.7    49.0    79.2  ║
║  CT占优帧 R1                     6.7     2.6     7.0     1.0    11.0  ║
║  CT占优帧 R2                     6.5     2.3     6.5     3.0    10.0  ║
║                                                              ║
║  ─── 关联诊断 ───                                            ║
║  指标                            均值     std      中位      最小      最大  ║
║  ─                              ─       ─       ─       ─       ─  ║
║  关联率 R1(%)                   57.2     7.2    60.0    45.0    65.0  ║
║  关联率 R2(%)                   51.8     8.4    52.5    35.9    65.0  ║
║  NIS均值 R1                    10.0     6.9     7.7     2.3    19.9  ║
║  NIS均值 R2                     6.2     2.4     5.9     2.8    10.1  ║
║  NIS门内 R1(%)                 89.1     4.3    89.8    82.6    95.3  ║
║  NIS门内 R2(%)                 89.3     3.5    88.3    84.7    95.1  ║
║  起始帧 R1                       2.0     0.0     2.0     2.0     2.0  ║
║  起始帧 R2                       2.0     0.0     2.0     2.0     2.0  ║
║                                                              ║
║  坏种子: 1/10 (10.0%)                                      ║
║    seed=6: DEGRADED R1=-134% R2=+8%  ║
║                                                              ║
║  最优融合算法分布:                                           ║
║    SCC: 0/10 (0%)                                          ║
║    BC: 0/10 (0%)                                          ║
║    CI: 5/10 (50%)                                          ║
║    FCI: 5/10 (50%)                                          ║
╚══════════════════════════════════════════════════════════════╝

数据已保存: results\mc_turn180_20260630_001620.mat
Done.
