  回头弯航迹生成:
    W1(起点): (125.5E, 33.0N) 入弯点: (126.8E, 33.0N)
    圆心: (126.8E, 32.9N) 出弯点: (126.8E, 33.0N) W3: (125.5E, 33.0N)
    入向: 90度 出向: 270度 (拐角: 180度), 转弯率: 1.0度/s
    转弯半径: 13.2 km, 转弯时长: 180 s, 弧长: 41.4 km
    总航程: 281 km, 总时长: 1223 s
回头弯180°几何: 正东→左转180°半圆(1°/s, R=13.2km, 180s)→正西
  转弯段: t=522~702s, 约帧17~24 (共~6帧 @30s)
  参考帧数: 41

╔══════════════════════════════════════════════════════════════╗
║  回头弯180°MC FINAL N=500 Pi=[0.90 0.10] g=6 fuzzy=ON     ║
║  gate_sigma R1=6.0 R2=6.0  dt=30s  n_frames~41              ║
╚══════════════════════════════════════════════════════════════╝

MC#1/500 s=1: R1=12.2km(-47%) a=60% NIS=7.4(92%) | R2=15.5km(-51%) a=48% NIS=9.1(91%) | CT R1=56% R2=54% | Fus=11.4km(BC) ***BAD***
MC#4/500 s=4: R1=10.6km(-29%) a=60% NIS=15.8(87%) | R2=13.4km(-50%) a=60% NIS=60.6(80%) | CT R1=67% R2=87% | Fus=10.7km(FCI) ***BAD***
MC#7/500 s=7: R1=10.2km(-20%) a=62% NIS=84.0(83%) | R2=16.1km(-63%) a=36% NIS=19.1(88%) | CT R1=78% R2=66% | Fus=8.1km(CI) ***BAD***
MC#11/500 s=11: R1=12.7km(-74%) a=60% NIS=16.8(85%) | R2=12.2km(-12%) a=48% NIS=3.3(89%) | CT R1=73% R2=79% | Fus=10.2km(BC) ***BAD***
MC#15/500 s=15: R1=10.5km(-52%) a=62% NIS=63.6(83%) | R2=14.8km(-29%) a=38% NIS=2.8(88%) | CT R1=55% R2=51% | Fus=6.7km(FCI) ***BAD***
MC#16/500 s=16: R1=15.8km(-63%) a=52% NIS=109.7(82%) | R2=13.7km(-24%) a=57% NIS=63.0(82%) | CT R1=67% R2=79% | Fus=12.3km(BC) ***BAD***
MC#19/500 s=19: R1=10.6km(-20%) a=65% NIS=88.0(79%) | R2=13.3km(-67%) a=42% NIS=19.4(85%) | CT R1=68% R2=74% | Fus=7.6km(CI) ***BAD***
MC#20/500 s=20: R1=14.1km(-62%) a=45% NIS=9.8(81%) | R2=13.3km(-20%) a=60% NIS=35.1(82%) | CT R1=68% R2=78% | Fus=11.9km(FCI) ***BAD***
MC#22/500 s=22: R1=13.6km(-62%) a=57% NIS=11.1(81%) | R2=12.8km(-10%) a=50% NIS=8.6(86%) | CT R1=68% R2=62% | Fus=11.0km(BC) ***BAD***
MC#23/500 s=23: R1=15.1km(-112%) a=57% NIS=17.6(82%) | R2=13.0km(-36%) a=62% NIS=68.5(84%) | CT R1=78% R2=81% | Fus=10.2km(FCI) ***BAD***
MC#25/500 s=25: R1=13.8km(-76%) a=55% NIS=13.4(91%) | R2=10.7km(+6%) a=57% NIS=61.3(75%) | CT R1=67% R2=86% | Fus=10.2km(BC) ***BAD***
MC#27/500 s=27: R1=12.4km(-86%) a=57% NIS=121.5(74%) | R2=11.3km(-19%) a=50% NIS=49.0(85%) | CT R1=71% R2=71% | Fus=8.7km(FCI) ***BAD***
MC#29/500 s=29: R1=14.3km(-72%) a=57% NIS=5.1(88%) | R2=11.8km(-9%) a=65% NIS=23.9(81%) | CT R1=70% R2=78% | Fus=11.6km(BC) ***BAD***
MC#37/500 s=37: R1=8.8km(+3%) a=48% NIS=35.5(90%) | R2=13.9km(-50%) a=52% NIS=24.3(85%) | CT R1=62% R2=77% | Fus=8.4km(CI) ***BAD***
MC#40/500 s=40: R1=10.6km(-14%) a=57% NIS=27.2(79%) | R2=16.5km(-63%) a=40% NIS=2.7(95%) | CT R1=59% R2=25% | Fus=10.4km(FCI) ***BAD***
MC#42/500 s=42: R1=12.8km(-93%) a=50% NIS=25.0(83%) | R2=12.1km(+3%) a=65% NIS=17.3(78%) | CT R1=69% R2=81% | Fus=8.5km(FCI) ***BAD***
MC#44/500 s=44: R1=12.2km(-66%) a=55% NIS=15.9(91%) | R2=11.0km(-8%) a=57% NIS=34.9(81%) | CT R1=59% R2=77% | Fus=9.2km(BC) ***BAD***
MC#45/500 s=45: R1=11.8km(-38%) a=50% NIS=16.2(82%) | R2=15.6km(-58%) a=45% NIS=25.5(85%) | CT R1=72% R2=78% | Fus=9.0km(BC) ***BAD***
MC#48/500 s=48: R1=13.0km(-58%) a=62% NIS=39.1(87%) | R2=12.6km(-61%) a=50% NIS=15.5(86%) | CT R1=64% R2=76% | Fus=9.6km(FCI) ***BAD***
MC#49/500 s=49: R1=16.8km(-91%) a=55% NIS=15.4(95%) | R2=12.0km(-5%) a=62% NIS=67.3(71%) | CT R1=60% R2=81% | Fus=10.7km(FCI) ***BAD***
MC#50/500 s=50: R1=11.6km(-56%) a=55% NIS=31.0(91%) | R2=14.5km(-72%) a=57% NIS=28.5(82%) | CT R1=49% R2=83% | Fus=10.0km(BC) ***BAD***
MC#51/500 s=51: R1=13.3km(-67%) a=60% NIS=3.8(92%) | R2=11.7km(-31%) a=50% NIS=55.5(79%) | CT R1=71% R2=72% | Fus=9.2km(BC) ***BAD***
MC#54/500 s=54: R1=9.1km(-13%) a=65% NIS=45.8(85%) | R2=22.0km(-68%) a=0% NIS=NaN(NaN%) | CT R1=78% R2=50% | Fus=8.1km(BC) ***BAD***
MC#55/500 s=55: R1=13.8km(-71%) a=57% NIS=8.3(87%) | R2=22.0km(-125%) a=0% NIS=NaN(NaN%) | CT R1=57% R2=50% | Fus=13.5km(BC) ***BAD***
MC#56/500 s=56: R1=14.0km(-89%) a=55% NIS=52.8(84%) | R2=12.8km(-15%) a=55% NIS=4.6(92%) | CT R1=80% R2=58% | Fus=10.5km(FCI) ***BAD***
MC#58/500 s=58: R1=13.9km(-66%) a=70% NIS=6.8(93%) | R2=11.0km(-10%) a=65% NIS=64.2(77%) | CT R1=60% R2=89% | Fus=13.0km(FCI) ***BAD***
MC#63/500 s=63: R1=13.8km(-126%) a=52% NIS=5.8(91%) | R2=12.9km(-10%) a=55% NIS=67.0(70%) | CT R1=60% R2=85% | Fus=13.5km(FCI) ***BAD***
MC#66/500 s=66: R1=11.8km(-63%) a=55% NIS=4.8(84%) | R2=12.5km(-16%) a=48% NIS=22.5(88%) | CT R1=77% R2=71% | Fus=11.0km(BC) ***BAD***
MC#67/500 s=67: R1=12.9km(-97%) a=50% NIS=3.8(88%) | R2=10.2km(+1%) a=57% NIS=29.4(82%) | CT R1=66% R2=71% | Fus=9.7km(BC) ***BAD***
MC#69/500 s=69: R1=11.6km(-59%) a=52% NIS=45.2(84%) | R2=14.1km(-59%) a=55% NIS=10.0(92%) | CT R1=67% R2=80% | Fus=7.3km(CI) ***BAD***
MC#72/500 s=72: R1=11.9km(-72%) a=60% NIS=16.4(86%) | R2=11.7km(-24%) a=48% NIS=13.3(84%) | CT R1=55% R2=67% | Fus=9.5km(CI) ***BAD***
MC#75/500 s=75: R1=11.2km(-48%) a=45% NIS=10.7(91%) | R2=14.0km(-32%) a=42% NIS=11.7(84%) | CT R1=46% R2=77% | Fus=11.0km(FCI)
MC#79/500 s=79: R1=10.6km(-29%) a=50% NIS=58.1(80%) | R2=17.1km(-93%) a=45% NIS=5.8(89%) | CT R1=70% R2=75% | Fus=8.8km(CI) ***BAD***
MC#81/500 s=81: R1=11.4km(-40%) a=60% NIS=15.1(91%) | R2=14.3km(-51%) a=38% NIS=4.0(86%) | CT R1=66% R2=59% | Fus=10.3km(CI) ***BAD***
MC#85/500 s=85: R1=14.9km(-93%) a=65% NIS=7.4(90%) | R2=12.3km(-15%) a=45% NIS=68.0(77%) | CT R1=64% R2=75% | Fus=14.1km(BC) ***BAD***
MC#89/500 s=89: R1=13.1km(-121%) a=52% NIS=6.0(91%) | R2=11.7km(-39%) a=57% NIS=10.5(86%) | CT R1=53% R2=81% | Fus=10.4km(BC) ***BAD***
MC#90/500 s=90: R1=14.9km(-60%) a=42% NIS=5.8(80%) | R2=10.8km(-4%) a=57% NIS=62.5(80%) | CT R1=61% R2=76% | Fus=11.1km(BC) ***BAD***
MC#91/500 s=91: R1=12.5km(-62%) a=48% NIS=22.2(90%) | R2=11.1km(-16%) a=62% NIS=67.5(81%) | CT R1=56% R2=76% | Fus=11.3km(SCC) ***BAD***
MC#98/500 s=98: R1=14.2km(-57%) a=57% NIS=89.2(75%) | R2=10.2km(+7%) a=62% NIS=17.4(88%) | CT R1=59% R2=73% | Fus=6.9km(SCC) ***BAD***
MC#99/500 s=99: R1=11.0km(-51%) a=65% NIS=64.7(92%) | R2=9.1km(-5%) a=48% NIS=28.9(81%) | CT R1=63% R2=81% | Fus=7.7km(FCI) ***BAD***
MC#100/500 s=100: R1=7.6km(+1%) a=60% NIS=48.8(84%) | R2=11.2km(+0%) a=57% NIS=11.5(88%) | CT R1=50% R2=79% | Fus=7.5km(BC)
MC#101/500 s=101: R1=10.9km(-61%) a=45% NIS=4.2(95%) | R2=10.5km(-5%) a=52% NIS=11.9(80%) | CT R1=33% R2=76% | Fus=9.7km(FCI) ***BAD***
MC#102/500 s=102: R1=11.1km(-55%) a=57% NIS=99.8(80%) | R2=10.9km(-20%) a=55% NIS=34.0(83%) | CT R1=71% R2=82% | Fus=9.7km(BC) ***BAD***
MC#104/500 s=104: R1=8.1km(-11%) a=62% NIS=27.6(89%) | R2=17.9km(-78%) a=45% NIS=16.4(90%) | CT R1=54% R2=60% | Fus=8.6km(CI) ***BAD***
MC#105/500 s=105: R1=14.4km(-86%) a=72% NIS=52.4(83%) | R2=14.4km(-28%) a=52% NIS=15.6(91%) | CT R1=61% R2=76% | Fus=9.6km(BC) ***BAD***
MC#108/500 s=108: R1=8.5km(-15%) a=55% NIS=35.6(90%) | R2=14.8km(-56%) a=52% NIS=58.0(86%) | CT R1=60% R2=77% | Fus=7.8km(FCI) ***BAD***
MC#111/500 s=111: R1=15.1km(-108%) a=68% NIS=104.0(85%) | R2=10.2km(+16%) a=55% NIS=66.2(78%) | CT R1=56% R2=81% | Fus=6.2km(FCI) ***BAD***
MC#112/500 s=112: R1=11.0km(-54%) a=65% NIS=121.8(79%) | R2=12.5km(-17%) a=50% NIS=72.7(69%) | CT R1=70% R2=81% | Fus=8.2km(BC) ***BAD***
MC#113/500 s=113: R1=14.6km(-75%) a=42% NIS=4.4(95%) | R2=17.5km(-53%) a=42% NIS=27.2(83%) | CT R1=33% R2=77% | Fus=13.8km(CI) ***BAD***
MC#115/500 s=115: R1=14.0km(-89%) a=52% NIS=16.0(89%) | R2=10.7km(-14%) a=62% NIS=66.4(79%) | CT R1=65% R2=82% | Fus=10.5km(SCC) ***BAD***
MC#118/500 s=118: R1=15.2km(-89%) a=40% NIS=59.7(81%) | R2=19.6km(-104%) a=23% NIS=15.2(82%) | CT R1=46% R2=49% | Fus=9.6km(BC) ***BAD***
MC#119/500 s=119: R1=12.4km(-75%) a=62% NIS=3.3(89%) | R2=13.3km(-26%) a=50% NIS=48.8(78%) | CT R1=63% R2=73% | Fus=12.1km(FCI) ***BAD***
MC#120/500 s=120: R1=8.3km(-7%) a=60% NIS=23.0(92%) | R2=15.7km(-58%) a=45% NIS=34.4(79%) | CT R1=49% R2=80% | Fus=7.1km(BC) ***BAD***
MC#121/500 s=121: R1=11.1km(-50%) a=60% NIS=62.7(92%) | R2=13.5km(-36%) a=41% NIS=63.3(76%) | CT R1=60% R2=71% | Fus=6.2km(SCC) ***BAD***
MC#125/500 s=125: R1=8.7km(-24%) a=45% NIS=55.6(82%) | R2=13.1km(-1%) a=55% NIS=6.0(95%) | CT R1=46% R2=50% | Fus=8.4km(SCC)
MC#126/500 s=126: R1=13.5km(-60%) a=52% NIS=57.2(89%) | R2=15.0km(-44%) a=57% NIS=4.3(87%) | CT R1=64% R2=79% | Fus=10.9km(CI) ***BAD***
MC#136/500 s=136: R1=12.9km(-53%) a=60% NIS=124.8(78%) | R2=14.0km(-28%) a=60% NIS=6.7(92%) | CT R1=80% R2=74% | Fus=11.0km(CI) ***BAD***
MC#141/500 s=141: R1=14.1km(-79%) a=48% NIS=24.6(95%) | R2=12.9km(-3%) a=60% NIS=46.5(83%) | CT R1=58% R2=64% | Fus=8.4km(CI) ***BAD***
MC#142/500 s=142: R1=12.3km(-60%) a=50% NIS=47.9(82%) | R2=12.5km(-22%) a=40% NIS=23.2(85%) | CT R1=63% R2=73% | Fus=10.7km(BC) ***BAD***
MC#144/500 s=144: R1=11.4km(-72%) a=70% NIS=89.5(82%) | R2=11.1km(-7%) a=55% NIS=26.1(81%) | CT R1=79% R2=81% | Fus=8.2km(BC) ***BAD***
MC#149/500 s=149: R1=11.3km(-63%) a=55% NIS=78.1(78%) | R2=11.8km(-9%) a=68% NIS=60.9(81%) | CT R1=59% R2=81% | Fus=7.6km(SCC) ***BAD***
MC#150/500 s=150: R1=9.0km(-14%) a=72% NIS=85.5(86%) | R2=13.0km(-20%) a=65% NIS=39.2(76%) | CT R1=61% R2=87% | Fus=5.2km(SCC)
MC#157/500 s=157: R1=13.6km(-82%) a=57% NIS=35.7(92%) | R2=11.8km(-14%) a=65% NIS=33.1(80%) | CT R1=60% R2=83% | Fus=9.1km(BC) ***BAD***
MC#160/500 s=160: R1=11.5km(-57%) a=57% NIS=15.8(80%) | R2=9.2km(+12%) a=55% NIS=27.9(81%) | CT R1=76% R2=78% | Fus=8.0km(BC) ***BAD***
MC#162/500 s=162: R1=13.6km(-51%) a=60% NIS=61.4(83%) | R2=14.0km(-53%) a=55% NIS=10.0(85%) | CT R1=69% R2=77% | Fus=10.5km(BC) ***BAD***
MC#163/500 s=163: R1=11.7km(-91%) a=52% NIS=108.4(81%) | R2=10.9km(-18%) a=57% NIS=61.3(83%) | CT R1=70% R2=81% | Fus=7.1km(FCI) ***BAD***
MC#165/500 s=165: R1=13.7km(-79%) a=55% NIS=5.0(95%) | R2=12.8km(-16%) a=57% NIS=8.1(86%) | CT R1=53% R2=79% | Fus=11.1km(BC) ***BAD***
MC#166/500 s=166: R1=8.6km(-13%) a=75% NIS=106.9(84%) | R2=18.2km(-51%) a=35% NIS=8.3(93%) | CT R1=71% R2=62% | Fus=3.6km(CI) ***BAD***
MC#167/500 s=167: R1=13.9km(-65%) a=48% NIS=25.5(84%) | R2=10.2km(+6%) a=55% NIS=57.8(85%) | CT R1=55% R2=68% | Fus=10.8km(BC) ***BAD***
MC#168/500 s=168: R1=11.1km(-30%) a=45% NIS=19.6(81%) | R2=17.2km(-91%) a=38% NIS=41.0(84%) | CT R1=59% R2=74% | Fus=10.0km(FCI) ***BAD***
MC#169/500 s=169: R1=16.8km(-120%) a=50% NIS=4.1(91%) | R2=12.1km(-8%) a=52% NIS=24.2(86%) | CT R1=75% R2=78% | Fus=13.9km(BC) ***BAD***
MC#170/500 s=170: R1=11.1km(-54%) a=55% NIS=51.3(82%) | R2=10.6km(+12%) a=52% NIS=9.8(91%) | CT R1=69% R2=48% | Fus=7.8km(FCI) ***BAD***
MC#171/500 s=171: R1=11.9km(-51%) a=68% NIS=48.5(79%) | R2=14.0km(-51%) a=38% NIS=6.3(87%) | CT R1=77% R2=63% | Fus=11.4km(SCC) ***BAD***
MC#175/500 s=175: R1=14.4km(-39%) a=60% NIS=40.8(89%) | R2=13.4km(-31%) a=60% NIS=53.3(84%) | CT R1=64% R2=78% | Fus=12.5km(SCC)
MC#179/500 s=179: R1=13.3km(-69%) a=55% NIS=90.3(75%) | R2=13.5km(-21%) a=48% NIS=27.4(86%) | CT R1=78% R2=71% | Fus=14.9km(BC) ***BAD***
MC#182/500 s=182: R1=14.0km(-73%) a=65% NIS=44.8(80%) | R2=13.2km(-39%) a=48% NIS=5.5(84%) | CT R1=68% R2=78% | Fus=7.6km(BC) ***BAD***
MC#183/500 s=183: R1=11.6km(-19%) a=55% NIS=18.0(81%) | R2=16.7km(-53%) a=57% NIS=28.6(82%) | CT R1=75% R2=74% | Fus=10.3km(FCI) ***BAD***
MC#184/500 s=184: R1=16.9km(-104%) a=50% NIS=2.9(94%) | R2=9.1km(+8%) a=40% NIS=5.1(94%) | CT R1=66% R2=38% | Fus=11.0km(FCI) ***BAD***
MC#185/500 s=185: R1=10.9km(-53%) a=52% NIS=10.8(92%) | R2=12.2km(-9%) a=55% NIS=15.0(92%) | CT R1=46% R2=60% | Fus=9.9km(FCI) ***BAD***
MC#186/500 s=186: R1=18.8km(-101%) a=47% NIS=4.1(96%) | R2=11.4km(+2%) a=57% NIS=25.8(85%) | CT R1=33% R2=79% | Fus=11.3km(CI) ***BAD***
MC#187/500 s=187: R1=10.7km(-53%) a=55% NIS=121.9(75%) | R2=13.0km(-22%) a=60% NIS=56.1(81%) | CT R1=75% R2=83% | Fus=8.0km(FCI) ***BAD***
MC#188/500 s=188: R1=10.8km(-78%) a=52% NIS=7.0(86%) | R2=13.3km(-30%) a=65% NIS=14.0(88%) | CT R1=57% R2=76% | Fus=9.7km(BC) ***BAD***
MC#191/500 s=191: R1=10.5km(-50%) a=40% NIS=5.7(94%) | R2=13.4km(-27%) a=57% NIS=5.1(86%) | CT R1=40% R2=82% | Fus=10.4km(CI) ***BAD***
MC#193/500 s=193: R1=11.7km(-27%) a=68% NIS=61.8(79%) | R2=13.0km(-52%) a=55% NIS=63.4(79%) | CT R1=75% R2=79% | Fus=8.5km(CI) ***BAD***
MC#194/500 s=194: R1=11.0km(-47%) a=60% NIS=5.0(91%) | R2=14.7km(-75%) a=42% NIS=6.8(87%) | CT R1=61% R2=73% | Fus=10.6km(FCI) ***BAD***
MC#195/500 s=195: R1=13.3km(-65%) a=65% NIS=23.1(80%) | R2=16.0km(-62%) a=60% NIS=2.6(95%) | CT R1=66% R2=64% | Fus=10.6km(CI) ***BAD***
MC#200/500 s=200: R1=13.5km(-63%) a=32% NIS=54.2(81%) | R2=14.1km(-38%) a=35% NIS=9.1(85%) | CT R1=64% R2=73% | Fus=11.4km(BC) ***BAD***
MC#202/500 s=202: R1=22.0km(-145%) a=0% NIS=NaN(NaN%) | R2=12.7km(-41%) a=68% NIS=63.4(77%) | CT R1=50% R2=89% | Fus=10.9km(BC) ***BAD***
MC#205/500 s=205: R1=11.1km(-60%) a=60% NIS=102.3(78%) | R2=13.0km(-24%) a=52% NIS=61.5(80%) | CT R1=71% R2=76% | Fus=5.6km(FCI) ***BAD***
MC#207/500 s=207: R1=12.6km(-37%) a=55% NIS=47.4(78%) | R2=11.5km(-50%) a=57% NIS=21.2(89%) | CT R1=54% R2=60% | Fus=10.5km(SCC) ***BAD***
MC#214/500 s=214: R1=15.9km(-60%) a=35% NIS=31.1(80%) | R2=14.9km(-35%) a=45% NIS=3.6(89%) | CT R1=58% R2=64% | Fus=12.0km(FCI) ***BAD***
MC#217/500 s=217: R1=15.0km(-118%) a=57% NIS=64.9(80%) | R2=12.7km(-38%) a=52% NIS=38.7(85%) | CT R1=69% R2=75% | Fus=9.9km(CI) ***BAD***
MC#219/500 s=219: R1=11.5km(-49%) a=57% NIS=66.3(74%) | R2=15.0km(-77%) a=42% NIS=6.3(94%) | CT R1=80% R2=59% | Fus=9.1km(FCI) ***BAD***
MC#221/500 s=221: R1=16.6km(-62%) a=62% NIS=4.6(89%) | R2=9.9km(-1%) a=62% NIS=3.7(89%) | CT R1=66% R2=60% | Fus=12.9km(BC) ***BAD***
MC#223/500 s=223: R1=12.4km(-61%) a=57% NIS=12.4(89%) | R2=9.2km(+12%) a=45% NIS=8.1(89%) | CT R1=68% R2=55% | Fus=8.5km(BC) ***BAD***
MC#225/500 s=225: R1=8.8km(-1%) a=42% NIS=74.8(72%) | R2=11.8km(-33%) a=52% NIS=14.2(91%) | CT R1=67% R2=71% | Fus=6.3km(FCI)
MC#226/500 s=226: R1=12.2km(-69%) a=68% NIS=85.7(85%) | R2=11.2km(+6%) a=57% NIS=36.0(80%) | CT R1=79% R2=79% | Fus=10.2km(BC) ***BAD***
MC#229/500 s=229: R1=12.2km(-60%) a=65% NIS=103.9(83%) | R2=15.6km(-45%) a=45% NIS=7.4(88%) | CT R1=77% R2=73% | Fus=9.1km(BC) ***BAD***
MC#233/500 s=233: R1=8.3km(-27%) a=65% NIS=75.9(82%) | R2=15.0km(-55%) a=60% NIS=22.8(87%) | CT R1=60% R2=80% | Fus=7.5km(FCI) ***BAD***
MC#238/500 s=238: R1=12.7km(-21%) a=62% NIS=116.9(71%) | R2=15.3km(-64%) a=55% NIS=66.8(81%) | CT R1=77% R2=86% | Fus=10.8km(SCC) ***BAD***
MC#245/500 s=245: R1=17.5km(-70%) a=42% NIS=116.4(66%) | R2=12.1km(-42%) a=55% NIS=74.1(75%) | CT R1=57% R2=82% | Fus=12.3km(SCC) ***BAD***
MC#246/500 s=246: R1=10.7km(-49%) a=65% NIS=50.2(86%) | R2=13.3km(-60%) a=42% NIS=3.4(87%) | CT R1=68% R2=76% | Fus=9.7km(BC) ***BAD***
MC#250/500 s=250: R1=11.4km(-49%) a=70% NIS=119.0(75%) | R2=16.7km(-61%) a=50% NIS=17.2(85%) | CT R1=80% R2=76% | Fus=9.7km(CI) ***BAD***
MC#252/500 s=252: R1=11.0km(-67%) a=62% NIS=104.3(82%) | R2=14.8km(-38%) a=55% NIS=55.1(77%) | CT R1=71% R2=76% | Fus=8.9km(FCI) ***BAD***
MC#253/500 s=253: R1=9.2km(-7%) a=38% NIS=35.9(87%) | R2=16.5km(-57%) a=40% NIS=15.8(85%) | CT R1=60% R2=70% | Fus=9.5km(BC) ***BAD***
MC#257/500 s=257: R1=11.6km(-58%) a=50% NIS=55.2(79%) | R2=9.6km(+22%) a=52% NIS=39.9(78%) | CT R1=69% R2=68% | Fus=6.7km(BC) ***BAD***
MC#259/500 s=259: R1=19.7km(-157%) a=48% NIS=31.2(77%) | R2=13.2km(-22%) a=65% NIS=12.2(85%) | CT R1=60% R2=86% | Fus=8.4km(FCI) ***BAD***
MC#260/500 s=260: R1=13.0km(-66%) a=42% NIS=19.0(79%) | R2=13.5km(-11%) a=62% NIS=34.2(76%) | CT R1=56% R2=85% | Fus=11.1km(BC) ***BAD***
MC#262/500 s=262: R1=11.3km(-113%) a=65% NIS=28.5(85%) | R2=11.6km(-9%) a=52% NIS=4.9(95%) | CT R1=79% R2=58% | Fus=8.9km(CI) ***BAD***
MC#270/500 s=270: R1=13.8km(-54%) a=60% NIS=54.8(78%) | R2=14.2km(-47%) a=48% NIS=31.7(79%) | CT R1=64% R2=85% | Fus=8.7km(SCC) ***BAD***
MC#272/500 s=272: R1=9.3km(-9%) a=68% NIS=115.2(77%) | R2=15.7km(-52%) a=52% NIS=64.3(77%) | CT R1=80% R2=86% | Fus=9.4km(FCI) ***BAD***
MC#275/500 s=275: R1=11.7km(-18%) a=65% NIS=48.9(82%) | R2=27.8km(-238%) a=8% NIS=0.0(100%) | CT R1=67% R2=50% | Fus=8.9km(BC) ***BAD***
MC#277/500 s=277: R1=11.3km(-37%) a=68% NIS=55.2(87%) | R2=13.8km(-62%) a=57% NIS=10.7(83%) | CT R1=76% R2=83% | Fus=10.1km(BC) ***BAD***
MC#278/500 s=278: R1=17.0km(-65%) a=45% NIS=6.9(88%) | R2=15.1km(-50%) a=50% NIS=4.0(82%) | CT R1=59% R2=74% | Fus=12.0km(FCI) ***BAD***
MC#280/500 s=280: R1=15.4km(-77%) a=52% NIS=13.9(90%) | R2=11.5km(-16%) a=38% NIS=6.5(93%) | CT R1=60% R2=62% | Fus=13.6km(FCI) ***BAD***
MC#282/500 s=282: R1=26.2km(-136%) a=10% NIS=1.1(100%) | R2=11.6km(-22%) a=55% NIS=10.6(82%) | CT R1=50% R2=83% | Fus=11.0km(SCC) ***BAD***
MC#283/500 s=283: R1=17.3km(-73%) a=50% NIS=9.1(80%) | R2=13.5km(-38%) a=50% NIS=63.8(78%) | CT R1=48% R2=80% | Fus=12.7km(SCC) ***BAD***
MC#287/500 s=287: R1=12.3km(-57%) a=55% NIS=15.8(89%) | R2=14.5km(-28%) a=60% NIS=33.1(83%) | CT R1=53% R2=85% | Fus=12.6km(CI) ***BAD***
MC#292/500 s=292: R1=11.7km(-22%) a=65% NIS=88.9(72%) | R2=13.8km(-51%) a=52% NIS=6.2(92%) | CT R1=77% R2=68% | Fus=7.9km(CI) ***BAD***
MC#296/500 s=296: R1=11.3km(-72%) a=78% NIS=24.9(87%) | R2=15.1km(-52%) a=52% NIS=72.1(80%) | CT R1=78% R2=82% | Fus=9.8km(FCI) ***BAD***
MC#298/500 s=298: R1=10.1km(-55%) a=60% NIS=44.9(84%) | R2=10.9km(-7%) a=57% NIS=34.1(76%) | CT R1=76% R2=80% | Fus=8.4km(FCI) ***BAD***
MC#299/500 s=299: R1=11.0km(-54%) a=55% NIS=132.0(71%) | R2=14.7km(-42%) a=50% NIS=9.0(80%) | CT R1=74% R2=71% | Fus=8.3km(FCI) ***BAD***
MC#300/500 s=300: R1=10.6km(-28%) a=48% NIS=62.9(83%) | R2=12.0km(-21%) a=48% NIS=23.5(83%) | CT R1=57% R2=70% | Fus=7.5km(BC)
MC#301/500 s=301: R1=14.1km(-84%) a=60% NIS=6.9(89%) | R2=14.1km(-38%) a=52% NIS=6.7(90%) | CT R1=60% R2=75% | Fus=13.7km(FCI) ***BAD***
MC#302/500 s=302: R1=11.4km(-18%) a=60% NIS=53.0(83%) | R2=14.8km(-51%) a=48% NIS=25.1(90%) | CT R1=70% R2=66% | Fus=7.7km(FCI) ***BAD***
MC#306/500 s=306: R1=11.0km(-63%) a=60% NIS=28.8(87%) | R2=12.2km(-12%) a=52% NIS=35.9(86%) | CT R1=69% R2=67% | Fus=5.5km(SCC) ***BAD***
MC#308/500 s=308: R1=10.4km(-42%) a=52% NIS=5.0(95%) | R2=15.7km(-52%) a=52% NIS=18.8(89%) | CT R1=47% R2=74% | Fus=11.5km(CI) ***BAD***
MC#311/500 s=311: R1=14.8km(-82%) a=55% NIS=16.8(87%) | R2=10.6km(-3%) a=52% NIS=22.2(86%) | CT R1=65% R2=55% | Fus=11.3km(SCC) ***BAD***
MC#312/500 s=312: R1=11.4km(-63%) a=57% NIS=71.1(76%) | R2=13.4km(-47%) a=48% NIS=16.6(90%) | CT R1=65% R2=67% | Fus=9.6km(BC) ***BAD***
MC#313/500 s=313: R1=14.0km(-64%) a=50% NIS=58.6(85%) | R2=10.4km(-1%) a=52% NIS=40.8(77%) | CT R1=68% R2=72% | Fus=7.9km(FCI) ***BAD***
MC#314/500 s=314: R1=12.2km(-67%) a=55% NIS=3.6(90%) | R2=10.4km(-17%) a=45% NIS=20.2(84%) | CT R1=68% R2=75% | Fus=9.6km(BC) ***BAD***
MC#315/500 s=315: R1=10.7km(-63%) a=57% NIS=27.4(82%) | R2=11.9km(-13%) a=52% NIS=30.0(79%) | CT R1=75% R2=75% | Fus=9.0km(BC) ***BAD***
MC#316/500 s=316: R1=13.7km(-74%) a=55% NIS=74.5(73%) | R2=11.6km(-25%) a=42% NIS=53.0(81%) | CT R1=56% R2=69% | Fus=8.1km(FCI) ***BAD***
MC#320/500 s=320: R1=12.6km(-68%) a=55% NIS=7.5(92%) | R2=11.6km(-20%) a=62% NIS=31.6(84%) | CT R1=66% R2=76% | Fus=10.2km(BC) ***BAD***
MC#322/500 s=322: R1=7.9km(+11%) a=65% NIS=64.8(80%) | R2=14.6km(-56%) a=48% NIS=56.3(79%) | CT R1=62% R2=77% | Fus=6.2km(FCI) ***BAD***
MC#325/500 s=325: R1=9.8km(-20%) a=52% NIS=44.0(84%) | R2=11.8km(-20%) a=52% NIS=13.2(79%) | CT R1=65% R2=76% | Fus=7.3km(CI)
MC#326/500 s=326: R1=13.7km(-89%) a=62% NIS=16.0(92%) | R2=12.7km(-3%) a=55% NIS=32.8(87%) | CT R1=66% R2=66% | Fus=9.7km(BC) ***BAD***
MC#328/500 s=328: R1=11.9km(-67%) a=55% NIS=6.4(84%) | R2=14.4km(-31%) a=52% NIS=11.9(86%) | CT R1=59% R2=75% | Fus=10.3km(BC) ***BAD***
MC#331/500 s=331: R1=10.5km(-43%) a=65% NIS=26.6(85%) | R2=16.5km(-98%) a=50% NIS=5.1(90%) | CT R1=60% R2=73% | Fus=9.7km(CI) ***BAD***
MC#333/500 s=333: R1=14.3km(-61%) a=50% NIS=22.3(87%) | R2=10.0km(+1%) a=57% NIS=9.8(92%) | CT R1=67% R2=57% | Fus=11.9km(BC) ***BAD***
MC#335/500 s=335: R1=13.3km(-42%) a=65% NIS=45.1(82%) | R2=14.4km(-60%) a=48% NIS=5.8(90%) | CT R1=71% R2=76% | Fus=11.0km(BC) ***BAD***
MC#336/500 s=336: R1=14.3km(-72%) a=60% NIS=16.3(82%) | R2=10.5km(+6%) a=57% NIS=2.9(96%) | CT R1=57% R2=48% | Fus=11.8km(FCI) ***BAD***
MC#339/500 s=339: R1=14.2km(-74%) a=68% NIS=60.5(78%) | R2=11.6km(-7%) a=60% NIS=13.5(82%) | CT R1=69% R2=70% | Fus=11.5km(BC) ***BAD***
MC#341/500 s=341: R1=14.6km(-58%) a=38% NIS=56.6(86%) | R2=9.7km(+12%) a=57% NIS=36.7(82%) | CT R1=56% R2=68% | Fus=9.5km(FCI) ***BAD***
MC#343/500 s=343: R1=11.4km(-83%) a=50% NIS=111.8(84%) | R2=11.6km(+3%) a=68% NIS=47.8(85%) | CT R1=59% R2=66% | Fus=8.4km(BC) ***BAD***
MC#344/500 s=344: R1=16.1km(-109%) a=48% NIS=7.1(85%) | R2=14.9km(-29%) a=50% NIS=12.1(75%) | CT R1=66% R2=75% | Fus=14.4km(BC) ***BAD***
MC#346/500 s=346: R1=8.9km(-55%) a=70% NIS=47.9(86%) | R2=13.8km(-23%) a=50% NIS=16.5(82%) | CT R1=56% R2=66% | Fus=8.0km(CI) ***BAD***
MC#348/500 s=348: R1=12.8km(-86%) a=60% NIS=59.4(86%) | R2=12.3km(-6%) a=57% NIS=48.1(83%) | CT R1=68% R2=77% | Fus=8.0km(CI) ***BAD***
MC#350/500 s=350: R1=10.5km(-15%) a=65% NIS=35.0(88%) | R2=14.8km(-29%) a=50% NIS=22.6(85%) | CT R1=70% R2=73% | Fus=9.0km(FCI)
MC#354/500 s=354: R1=13.0km(-18%) a=52% NIS=70.3(77%) | R2=16.2km(-61%) a=55% NIS=9.4(95%) | CT R1=69% R2=71% | Fus=8.8km(CI) ***BAD***
MC#355/500 s=355: R1=12.8km(-83%) a=60% NIS=5.6(95%) | R2=11.5km(-5%) a=55% NIS=61.8(84%) | CT R1=53% R2=67% | Fus=11.9km(CI) ***BAD***
MC#365/500 s=365: R1=13.1km(-66%) a=57% NIS=5.2(87%) | R2=12.6km(-15%) a=60% NIS=56.2(83%) | CT R1=74% R2=79% | Fus=11.8km(SCC) ***BAD***
MC#366/500 s=366: R1=11.5km(-61%) a=65% NIS=26.8(90%) | R2=11.3km(+2%) a=55% NIS=5.4(90%) | CT R1=58% R2=70% | Fus=9.7km(BC) ***BAD***
MC#373/500 s=373: R1=13.8km(-68%) a=62% NIS=109.9(84%) | R2=12.3km(-5%) a=55% NIS=64.4(76%) | CT R1=78% R2=59% | Fus=9.2km(BC) ***BAD***
MC#375/500 s=375: R1=12.3km(-57%) a=55% NIS=7.8(91%) | R2=11.8km(-7%) a=48% NIS=42.1(77%) | CT R1=56% R2=80% | Fus=10.3km(BC) ***BAD***
MC#377/500 s=377: R1=12.9km(-77%) a=57% NIS=107.7(87%) | R2=12.6km(-17%) a=35% NIS=34.9(81%) | CT R1=67% R2=79% | Fus=10.3km(FCI) ***BAD***
MC#378/500 s=378: R1=12.3km(-54%) a=57% NIS=59.2(79%) | R2=13.4km(-23%) a=52% NIS=37.3(77%) | CT R1=69% R2=80% | Fus=9.6km(BC) ***BAD***
MC#382/500 s=382: R1=11.6km(-46%) a=48% NIS=45.7(78%) | R2=12.7km(-54%) a=65% NIS=7.1(88%) | CT R1=59% R2=80% | Fus=6.9km(BC) ***BAD***
MC#383/500 s=383: R1=12.3km(-54%) a=57% NIS=98.3(85%) | R2=12.5km(-30%) a=48% NIS=48.5(83%) | CT R1=69% R2=80% | Fus=8.6km(FCI) ***BAD***
MC#384/500 s=384: R1=11.5km(-42%) a=65% NIS=20.0(86%) | R2=12.2km(-52%) a=40% NIS=22.8(81%) | CT R1=63% R2=77% | Fus=9.8km(FCI) ***BAD***
MC#393/500 s=393: R1=11.0km(-44%) a=65% NIS=95.4(84%) | R2=15.4km(-51%) a=50% NIS=22.9(85%) | CT R1=69% R2=75% | Fus=8.0km(BC) ***BAD***
MC#395/500 s=395: R1=13.5km(-51%) a=60% NIS=19.6(85%) | R2=14.8km(-45%) a=48% NIS=67.0(81%) | CT R1=74% R2=78% | Fus=11.9km(FCI) ***BAD***
MC#400/500 s=400: R1=11.8km(-31%) a=48% NIS=28.6(90%) | R2=12.6km(-10%) a=62% NIS=58.9(77%) | CT R1=49% R2=69% | Fus=11.4km(CI)
MC#402/500 s=402: R1=12.1km(-52%) a=62% NIS=3.2(92%) | R2=9.1km(+16%) a=50% NIS=8.1(83%) | CT R1=49% R2=64% | Fus=10.3km(FCI) ***BAD***
MC#404/500 s=404: R1=13.9km(-65%) a=44% NIS=7.8(91%) | R2=13.7km(-35%) a=38% NIS=40.5(71%) | CT R1=57% R2=77% | Fus=8.3km(BC) ***BAD***
MC#405/500 s=405: R1=13.3km(-60%) a=62% NIS=3.9(86%) | R2=18.0km(-50%) a=48% NIS=2.9(96%) | CT R1=56% R2=25% | Fus=11.2km(CI) ***BAD***
MC#408/500 s=408: R1=11.2km(-59%) a=62% NIS=17.4(78%) | R2=14.0km(-30%) a=52% NIS=7.3(87%) | CT R1=73% R2=78% | Fus=9.3km(CI) ***BAD***
MC#410/500 s=410: R1=11.4km(-56%) a=52% NIS=3.0(91%) | R2=14.1km(-21%) a=48% NIS=29.9(79%) | CT R1=68% R2=79% | Fus=9.7km(BC) ***BAD***
MC#417/500 s=417: R1=16.6km(-74%) a=42% NIS=60.4(87%) | R2=9.9km(+2%) a=68% NIS=27.6(85%) | CT R1=64% R2=77% | Fus=9.5km(FCI) ***BAD***
MC#421/500 s=421: R1=15.0km(-94%) a=50% NIS=60.9(80%) | R2=15.8km(-17%) a=42% NIS=55.4(67%) | CT R1=54% R2=75% | Fus=13.5km(SCC) ***BAD***
MC#425/500 s=425: R1=11.9km(-73%) a=57% NIS=45.6(91%) | R2=10.6km(-21%) a=45% NIS=9.3(90%) | CT R1=56% R2=49% | Fus=7.3km(FCI) ***BAD***
MC#430/500 s=430: R1=16.0km(-118%) a=45% NIS=15.2(91%) | R2=14.5km(-36%) a=57% NIS=13.3(83%) | CT R1=55% R2=85% | Fus=13.8km(FCI) ***BAD***
MC#434/500 s=434: R1=12.9km(-61%) a=57% NIS=16.3(89%) | R2=13.9km(-24%) a=55% NIS=49.3(82%) | CT R1=57% R2=80% | Fus=11.8km(BC) ***BAD***
MC#438/500 s=438: R1=10.3km(-65%) a=75% NIS=52.7(83%) | R2=9.9km(-0%) a=57% NIS=6.2(93%) | CT R1=81% R2=52% | Fus=7.5km(BC) ***BAD***
MC#439/500 s=439: R1=11.4km(-60%) a=52% NIS=29.3(92%) | R2=12.0km(-9%) a=55% NIS=26.2(87%) | CT R1=49% R2=81% | Fus=8.7km(BC) ***BAD***
MC#440/500 s=440: R1=14.9km(-89%) a=62% NIS=13.9(96%) | R2=11.4km(-5%) a=42% NIS=29.6(78%) | CT R1=60% R2=78% | Fus=10.2km(FCI) ***BAD***
MC#441/500 s=441: R1=11.4km(-68%) a=68% NIS=82.1(84%) | R2=10.8km(-37%) a=57% NIS=7.1(87%) | CT R1=80% R2=74% | Fus=10.0km(BC) ***BAD***
MC#442/500 s=442: R1=10.5km(-63%) a=62% NIS=18.9(83%) | R2=12.4km(-23%) a=68% NIS=25.5(88%) | CT R1=59% R2=80% | Fus=7.8km(FCI) ***BAD***
MC#445/500 s=445: R1=12.2km(-98%) a=55% NIS=3.5(86%) | R2=11.9km(-28%) a=55% NIS=79.3(76%) | CT R1=67% R2=88% | Fus=11.6km(FCI) ***BAD***
MC#448/500 s=448: R1=9.3km(-35%) a=57% NIS=108.1(76%) | R2=16.2km(-58%) a=45% NIS=29.4(87%) | CT R1=73% R2=72% | Fus=5.7km(FCI) ***BAD***
MC#450/500 s=450: R1=10.4km(-59%) a=50% NIS=4.3(90%) | R2=9.5km(+4%) a=55% NIS=32.9(87%) | CT R1=58% R2=65% | Fus=6.5km(FCI) ***BAD***
MC#455/500 s=455: R1=13.6km(-69%) a=48% NIS=45.7(84%) | R2=9.6km(+15%) a=52% NIS=11.4(81%) | CT R1=73% R2=67% | Fus=8.4km(BC) ***BAD***
MC#457/500 s=457: R1=15.2km(-78%) a=50% NIS=15.4(90%) | R2=13.7km(-27%) a=35% NIS=19.2(86%) | CT R1=67% R2=62% | Fus=11.8km(BC) ***BAD***
MC#460/500 s=460: R1=13.6km(-61%) a=78% NIS=40.3(81%) | R2=12.2km(-23%) a=55% NIS=19.8(83%) | CT R1=72% R2=66% | Fus=11.1km(BC) ***BAD***
MC#461/500 s=461: R1=11.8km(-24%) a=68% NIS=126.9(82%) | R2=14.3km(-50%) a=50% NIS=60.6(76%) | CT R1=71% R2=76% | Fus=6.8km(BC) ***BAD***
MC#464/500 s=464: R1=15.5km(-52%) a=68% NIS=16.9(82%) | R2=13.2km(-44%) a=57% NIS=52.0(79%) | CT R1=75% R2=77% | Fus=11.1km(BC) ***BAD***
MC#465/500 s=465: R1=13.7km(-98%) a=57% NIS=3.9(86%) | R2=10.9km(+2%) a=55% NIS=24.8(85%) | CT R1=73% R2=80% | Fus=9.2km(FCI) ***BAD***
MC#466/500 s=466: R1=13.6km(-66%) a=57% NIS=9.7(92%) | R2=13.2km(-19%) a=60% NIS=9.3(91%) | CT R1=45% R2=70% | Fus=11.3km(BC) ***BAD***
MC#468/500 s=468: R1=12.8km(-65%) a=57% NIS=14.9(88%) | R2=10.8km(-3%) a=52% NIS=69.0(75%) | CT R1=52% R2=80% | Fus=10.3km(FCI) ***BAD***
MC#470/500 s=470: R1=11.9km(-61%) a=65% NIS=131.5(82%) | R2=11.9km(-7%) a=45% NIS=10.0(91%) | CT R1=69% R2=56% | Fus=7.3km(CI) ***BAD***
MC#475/500 s=475: R1=10.5km(-10%) a=65% NIS=47.1(74%) | R2=13.5km(-32%) a=62% NIS=30.8(81%) | CT R1=74% R2=86% | Fus=7.2km(CI)
MC#476/500 s=476: R1=14.1km(-65%) a=42% NIS=62.2(80%) | R2=13.3km(-32%) a=52% NIS=39.3(79%) | CT R1=64% R2=79% | Fus=12.2km(FCI) ***BAD***
MC#477/500 s=477: R1=13.8km(-56%) a=62% NIS=4.5(87%) | R2=13.1km(-46%) a=52% NIS=26.4(85%) | CT R1=74% R2=79% | Fus=12.3km(BC) ***BAD***
MC#482/500 s=482: R1=14.6km(-101%) a=55% NIS=2.3(90%) | R2=11.6km(-13%) a=50% NIS=5.5(84%) | CT R1=25% R2=68% | Fus=11.8km(CI) ***BAD***
MC#483/500 s=483: R1=9.4km(-4%) a=55% NIS=3.4(90%) | R2=15.7km(-61%) a=45% NIS=29.0(87%) | CT R1=65% R2=73% | Fus=9.2km(FCI) ***BAD***
MC#489/500 s=489: R1=11.2km(-38%) a=52% NIS=16.5(81%) | R2=13.7km(-62%) a=65% NIS=6.3(89%) | CT R1=65% R2=77% | Fus=8.0km(CI) ***BAD***
MC#500/500 s=500: R1=11.3km(-9%) a=70% NIS=60.5(71%) | R2=12.8km(-36%) a=45% NIS=2.3(95%) | CT R1=77% R2=37% | Fus=9.0km(BC)

╔══════════════════════════════════════════════════════════════╗
║       回头弯180° 500次MC统计 (2033s)                        ║
╠══════════════════════════════════════════════════════════════╣
║  ─── RMSE (km) ───                                          ║
║  指标                            均值     std      中位      最小      最大  ║
║  ─                              ─       ─       ─       ─       ─  ║
║  原始点迹 R1                     65.9     1.5    65.8    62.0    70.1  ║
║  原始点迹 R2                     65.2     1.4    65.2    60.4    69.8  ║
║  校准后 R1                       8.4     1.0     8.3     5.3    11.1  ║
║  校准后 R2                      10.4     1.2    10.4     7.6    14.3  ║
║  UKF R1                      11.4     2.1    11.2     7.2    26.2  ║
║  UKF R2(对齐)                  11.3     2.7    10.9     6.5    27.3  ║
║  融合 SCC                       9.1     2.0     9.0     4.7    20.5  ║
║  融合 BC                        9.1     2.0     8.9     4.7    20.5  ║
║  融合 CI                        9.6     2.1     9.5     3.6    20.4  ║
║  融合 FCI                       9.2     2.0     9.0     5.0    20.4  ║
║  融合最优                         8.9     2.0     8.7     3.6    20.4  ║
║                                                              ║
║  ─── 改善率 (%) ───                                        ║
║  指标                            均值     std      中位      最小      最大  ║
║  ─                              ─       ─       ─       ─       ─  ║
║  校准改善 R1                     87.3     1.5    87.4    82.9    91.8  ║
║  校准改善 R2                     84.0     1.8    84.0    78.4    88.2  ║
║  UKF改善 R1                   -38.3    27.5   -33.9  -157.2    17.3  ║
║  UKF改善 R2                   -21.1    23.8   -19.6  -238.4    26.7  ║
║  融合 vs R1                    21.5    14.9    21.2  -109.5    58.9  ║
║  融合 vs R2                    18.6    21.1    21.4   -53.9    81.1  ║
║                                                              ║
║  ─── MTL + 断裂 ───                                         ║
║  指标                            均值     std      中位      最小      最大  ║
║  ─                              ─       ─       ─       ─       ─  ║
║  MTL R1                      39.8     2.3    40.0     9.0    40.0  ║
║  MTL R2                      39.7     2.6    40.0     9.0    40.0  ║
║  MTL 融合                      40.0     0.0    40.0    40.0    40.0  ║
║  断裂 R1                        0.0     0.0     0.0     0.0     0.0  ║
║  断裂 R2                        0.0     0.0     0.0     0.0     0.0  ║
║  断裂 融合                        0.0     0.0     0.0     0.0     0.0  ║
║                                                              ║
║  ─── IMM 模型概率 (%) ───                                   ║
║  指标                            均值     std      中位      最小      最大  ║
║  ─                              ─       ─       ─       ─       ─  ║
║  CT均值 R1                     26.7     3.4    26.4    18.8    50.5  ║
║  CT均值 R2                     28.4     3.4    27.9    21.4    50.1  ║
║  CT转弯 R1                     63.5    10.2    65.5    24.6    81.9  ║
║  CT转弯 R2                     72.2    10.5    75.3    24.6    90.4  ║
║  CT占优帧 R1                     6.5     2.5     6.0     0.0    38.0  ║
║  CT占优帧 R2                     6.7     2.0     7.0     0.0    19.0  ║
║                                                              ║
║  ─── 关联诊断 ───                                            ║
║  指标                            均值     std      中位      最小      最大  ║
║  ─                              ─       ─       ─       ─       ─  ║
║  关联率 R1(%)                   57.9     8.8    57.5     0.0    85.0  ║
║  关联率 R2(%)                   52.7     8.6    52.5     0.0    75.0  ║
║  NIS均值 R1                    51.8    37.9    47.9     0.6   139.6  ║
║  NIS均值 R2                    29.8    21.2    26.9     0.0    84.7  ║
║  NIS门内 R1(%)                 83.9     5.9    83.8    65.2   100.0  ║
║  NIS门内 R2(%)                 84.0     5.5    84.3    65.5   100.0  ║
║  起始帧 R1                       2.0     0.0     2.0     2.0     2.0  ║
║  起始帧 R2                       2.0     0.0     2.0     2.0     2.0  ║
║                                                              ║
║  坏种子: 185/500 (37.0%)                                      ║
║    seed=1: DEGRADED R1=-47% R2=-51%  ║
║    seed=4: DEGRADED R1=-29% R2=-50%  ║
║    seed=7: DEGRADED R1=-20% R2=-63%  ║
║    seed=11: DEGRADED R1=-74% R2=-12%  ║
║    seed=15: DEGRADED R1=-52% R2=-29%  ║
║    seed=16: DEGRADED R1=-63% R2=-24%  ║
║    seed=19: DEGRADED R1=-20% R2=-67%  ║
║    seed=20: DEGRADED R1=-62% R2=-20%  ║
║    seed=22: DEGRADED R1=-62% R2=-10%  ║
║    seed=23: DEGRADED R1=-112% R2=-36%  ║
║    seed=25: DEGRADED R1=-76% R2=+6%  ║
║    seed=27: DEGRADED R1=-86% R2=-19%  ║
║    seed=29: DEGRADED R1=-72% R2=-9%  ║
║    seed=37: DEGRADED R1=+3% R2=-50%  ║
║    seed=40: DEGRADED R1=-14% R2=-63%  ║
║    seed=42: DEGRADED R1=-93% R2=+3%  ║
║    seed=44: DEGRADED R1=-66% R2=-8%  ║
║    seed=45: DEGRADED R1=-38% R2=-58%  ║
║    seed=48: DEGRADED R1=-58% R2=-61%  ║
║    seed=49: DEGRADED R1=-91% R2=-5%  ║
║    seed=50: DEGRADED R1=-56% R2=-72%  ║
║    seed=51: DEGRADED R1=-67% R2=-31%  ║
║    seed=54: DEGRADED R1=-13% R2=-68%  ║
║    seed=55: DEGRADED R1=-71% R2=-125%  ║
║    seed=56: DEGRADED R1=-89% R2=-15%  ║
║    seed=58: DEGRADED R1=-66% R2=-10%  ║
║    seed=63: DEGRADED R1=-126% R2=-10%  ║
║    seed=66: DEGRADED R1=-63% R2=-16%  ║
║    seed=67: DEGRADED R1=-97% R2=+1%  ║
║    seed=69: DEGRADED R1=-59% R2=-59%  ║
║    seed=72: DEGRADED R1=-72% R2=-24%  ║
║    seed=79: DEGRADED R1=-29% R2=-93%  ║
║    seed=81: DEGRADED R1=-40% R2=-51%  ║
║    seed=85: DEGRADED R1=-93% R2=-15%  ║
║    seed=89: DEGRADED R1=-121% R2=-39%  ║
║    seed=90: DEGRADED R1=-60% R2=-4%  ║
║    seed=91: DEGRADED R1=-62% R2=-16%  ║
║    seed=98: DEGRADED R1=-57% R2=+7%  ║
║    seed=99: DEGRADED R1=-51% R2=-5%  ║
║    seed=101: DEGRADED R1=-61% R2=-5%  ║
║    seed=102: DEGRADED R1=-55% R2=-20%  ║
║    seed=104: DEGRADED R1=-11% R2=-78%  ║
║    seed=105: DEGRADED R1=-86% R2=-28%  ║
║    seed=108: DEGRADED R1=-15% R2=-56%  ║
║    seed=111: DEGRADED R1=-108% R2=+16%  ║
║    seed=112: DEGRADED R1=-54% R2=-17%  ║
║    seed=113: DEGRADED R1=-75% R2=-53%  ║
║    seed=115: DEGRADED R1=-89% R2=-14%  ║
║    seed=118: DEGRADED R1=-89% R2=-104%  ║
║    seed=119: DEGRADED R1=-75% R2=-26%  ║
║    seed=120: DEGRADED R1=-7% R2=-58%  ║
║    seed=121: DEGRADED R1=-50% R2=-36%  ║
║    seed=126: DEGRADED R1=-60% R2=-44%  ║
║    seed=136: DEGRADED R1=-53% R2=-28%  ║
║    seed=141: DEGRADED R1=-79% R2=-3%  ║
║    seed=142: DEGRADED R1=-60% R2=-22%  ║
║    seed=144: DEGRADED R1=-72% R2=-7%  ║
║    seed=149: DEGRADED R1=-63% R2=-9%  ║
║    seed=157: DEGRADED R1=-82% R2=-14%  ║
║    seed=160: DEGRADED R1=-57% R2=+12%  ║
║    seed=162: DEGRADED R1=-51% R2=-53%  ║
║    seed=163: DEGRADED R1=-91% R2=-18%  ║
║    seed=165: DEGRADED R1=-79% R2=-16%  ║
║    seed=166: DEGRADED R1=-13% R2=-51%  ║
║    seed=167: DEGRADED R1=-65% R2=+6%  ║
║    seed=168: DEGRADED R1=-30% R2=-91%  ║
║    seed=169: DEGRADED R1=-120% R2=-8%  ║
║    seed=170: DEGRADED R1=-54% R2=+12%  ║
║    seed=171: DEGRADED R1=-51% R2=-51%  ║
║    seed=179: DEGRADED R1=-69% R2=-21%  ║
║    seed=182: DEGRADED R1=-73% R2=-39%  ║
║    seed=183: DEGRADED R1=-19% R2=-53%  ║
║    seed=184: DEGRADED R1=-104% R2=+8%  ║
║    seed=185: DEGRADED R1=-53% R2=-9%  ║
║    seed=186: DEGRADED R1=-101% R2=+2%  ║
║    seed=187: DEGRADED R1=-53% R2=-22%  ║
║    seed=188: DEGRADED R1=-78% R2=-30%  ║
║    seed=191: DEGRADED R1=-50% R2=-27%  ║
║    seed=193: DEGRADED R1=-27% R2=-52%  ║
║    seed=194: DEGRADED R1=-47% R2=-75%  ║
║    seed=195: DEGRADED R1=-65% R2=-62%  ║
║    seed=200: DEGRADED R1=-63% R2=-38%  ║
║    seed=202: DEGRADED R1=-145% R2=-41%  ║
║    seed=205: DEGRADED R1=-60% R2=-24%  ║
║    seed=207: DEGRADED R1=-37% R2=-50%  ║
║    seed=214: DEGRADED R1=-60% R2=-35%  ║
║    seed=217: DEGRADED R1=-118% R2=-38%  ║
║    seed=219: DEGRADED R1=-49% R2=-77%  ║
║    seed=221: DEGRADED R1=-62% R2=-1%  ║
║    seed=223: DEGRADED R1=-61% R2=+12%  ║
║    seed=226: DEGRADED R1=-69% R2=+6%  ║
║    seed=229: DEGRADED R1=-60% R2=-45%  ║
║    seed=233: DEGRADED R1=-27% R2=-55%  ║
║    seed=238: DEGRADED R1=-21% R2=-64%  ║
║    seed=245: DEGRADED R1=-70% R2=-42%  ║
║    seed=246: DEGRADED R1=-49% R2=-60%  ║
║    seed=250: DEGRADED R1=-49% R2=-61%  ║
║    seed=252: DEGRADED R1=-67% R2=-38%  ║
║    seed=253: DEGRADED R1=-7% R2=-57%  ║
║    seed=257: DEGRADED R1=-58% R2=+22%  ║
║    seed=259: DEGRADED R1=-157% R2=-22%  ║
║    seed=260: DEGRADED R1=-66% R2=-11%  ║
║    seed=262: DEGRADED R1=-113% R2=-9%  ║
║    seed=270: DEGRADED R1=-54% R2=-47%  ║
║    seed=272: DEGRADED R1=-9% R2=-52%  ║
║    seed=275: DEGRADED R1=-18% R2=-238%  ║
║    seed=277: DEGRADED R1=-37% R2=-62%  ║
║    seed=278: DEGRADED R1=-65% R2=-50%  ║
║    seed=280: DEGRADED R1=-77% R2=-16%  ║
║    seed=282: DEGRADED R1=-136% R2=-22%  ║
║    seed=283: DEGRADED R1=-73% R2=-38%  ║
║    seed=287: DEGRADED R1=-57% R2=-28%  ║
║    seed=292: DEGRADED R1=-22% R2=-51%  ║
║    seed=296: DEGRADED R1=-72% R2=-52%  ║
║    seed=298: DEGRADED R1=-55% R2=-7%  ║
║    seed=299: DEGRADED R1=-54% R2=-42%  ║
║    seed=301: DEGRADED R1=-84% R2=-38%  ║
║    seed=302: DEGRADED R1=-18% R2=-51%  ║
║    seed=306: DEGRADED R1=-63% R2=-12%  ║
║    seed=308: DEGRADED R1=-42% R2=-52%  ║
║    seed=311: DEGRADED R1=-82% R2=-3%  ║
║    seed=312: DEGRADED R1=-63% R2=-47%  ║
║    seed=313: DEGRADED R1=-64% R2=-1%  ║
║    seed=314: DEGRADED R1=-67% R2=-17%  ║
║    seed=315: DEGRADED R1=-63% R2=-13%  ║
║    seed=316: DEGRADED R1=-74% R2=-25%  ║
║    seed=320: DEGRADED R1=-68% R2=-20%  ║
║    seed=322: DEGRADED R1=+11% R2=-56%  ║
║    seed=326: DEGRADED R1=-89% R2=-3%  ║
║    seed=328: DEGRADED R1=-67% R2=-31%  ║
║    seed=331: DEGRADED R1=-43% R2=-98%  ║
║    seed=333: DEGRADED R1=-61% R2=+1%  ║
║    seed=335: DEGRADED R1=-42% R2=-60%  ║
║    seed=336: DEGRADED R1=-72% R2=+6%  ║
║    seed=339: DEGRADED R1=-74% R2=-7%  ║
║    seed=341: DEGRADED R1=-58% R2=+12%  ║
║    seed=343: DEGRADED R1=-83% R2=+3%  ║
║    seed=344: DEGRADED R1=-109% R2=-29%  ║
║    seed=346: DEGRADED R1=-55% R2=-23%  ║
║    seed=348: DEGRADED R1=-86% R2=-6%  ║
║    seed=354: DEGRADED R1=-18% R2=-61%  ║
║    seed=355: DEGRADED R1=-83% R2=-5%  ║
║    seed=365: DEGRADED R1=-66% R2=-15%  ║
║    seed=366: DEGRADED R1=-61% R2=+2%  ║
║    seed=373: DEGRADED R1=-68% R2=-5%  ║
║    seed=375: DEGRADED R1=-57% R2=-7%  ║
║    seed=377: DEGRADED R1=-77% R2=-17%  ║
║    seed=378: DEGRADED R1=-54% R2=-23%  ║
║    seed=382: DEGRADED R1=-46% R2=-54%  ║
║    seed=383: DEGRADED R1=-54% R2=-30%  ║
║    seed=384: DEGRADED R1=-42% R2=-52%  ║
║    seed=393: DEGRADED R1=-44% R2=-51%  ║
║    seed=395: DEGRADED R1=-51% R2=-45%  ║
║    seed=402: DEGRADED R1=-52% R2=+16%  ║
║    seed=404: DEGRADED R1=-65% R2=-35%  ║
║    seed=405: DEGRADED R1=-60% R2=-50%  ║
║    seed=408: DEGRADED R1=-59% R2=-30%  ║
║    seed=410: DEGRADED R1=-56% R2=-21%  ║
║    seed=417: DEGRADED R1=-74% R2=+2%  ║
║    seed=421: DEGRADED R1=-94% R2=-17%  ║
║    seed=425: DEGRADED R1=-73% R2=-21%  ║
║    seed=430: DEGRADED R1=-118% R2=-36%  ║
║    seed=434: DEGRADED R1=-61% R2=-24%  ║
║    seed=438: DEGRADED R1=-65% R2=-0%  ║
║    seed=439: DEGRADED R1=-60% R2=-9%  ║
║    seed=440: DEGRADED R1=-89% R2=-5%  ║
║    seed=441: DEGRADED R1=-68% R2=-37%  ║
║    seed=442: DEGRADED R1=-63% R2=-23%  ║
║    seed=445: DEGRADED R1=-98% R2=-28%  ║
║    seed=448: DEGRADED R1=-35% R2=-58%  ║
║    seed=450: DEGRADED R1=-59% R2=+4%  ║
║    seed=455: DEGRADED R1=-69% R2=+15%  ║
║    seed=457: DEGRADED R1=-78% R2=-27%  ║
║    seed=460: DEGRADED R1=-61% R2=-23%  ║
║    seed=461: DEGRADED R1=-24% R2=-50%  ║
║    seed=464: DEGRADED R1=-52% R2=-44%  ║
║    seed=465: DEGRADED R1=-98% R2=+2%  ║
║    seed=466: DEGRADED R1=-66% R2=-19%  ║
║    seed=468: DEGRADED R1=-65% R2=-3%  ║
║    seed=470: DEGRADED R1=-61% R2=-7%  ║
║    seed=476: DEGRADED R1=-65% R2=-32%  ║
║    seed=477: DEGRADED R1=-56% R2=-46%  ║
║    seed=482: DEGRADED R1=-101% R2=-13%  ║
║    seed=483: DEGRADED R1=-4% R2=-61%  ║
║    seed=489: DEGRADED R1=-38% R2=-62%  ║
║                                                              ║
║  最优融合算法分布:                                           ║
║    SCC: 87/500 (17%)                                          ║
║    BC: 189/500 (38%)                                          ║
║    CI: 90/500 (18%)                                          ║
║    FCI: 134/500 (27%)                                          ║
╚══════════════════════════════════════════════════════════════╝

数据已保存: results\mc_turn180_20260630_010335.mat
Done.
